#
# There is insufficient memory for the Java Runtime Environment to continue.
# Native memory allocation (mmap) failed to map 266338304 bytes for Failed to commit area from 0x0000000702c00000 to 0x0000000712a00000 of length 266338304.
# Possible reasons:
#   The system is out of physical RAM or swap space
#   The process is running with CompressedOops enabled, and the Java Heap may be blocking the growth of the native heap
# Possible solutions:
#   Reduce memory load on the system
#   Increase physical memory or swap space
#   Check if swap backing store is full
#   Decrease Java heap size (-Xmx/-Xms)
#   Decrease number of Java threads
#   Decrease Java thread stack sizes (-Xss)
#   Set larger code cache with -XX:ReservedCodeCacheSize=
# This output file may be truncated or incomplete.
#
#  Out of Memory Error (./open/src/hotspot/os/windows/os_windows.cpp:3287), pid=23344, tid=20188
#
# JRE version:  (11.0.16.1+1) (build )
# Java VM: Java HotSpot(TM) 64-Bit Server VM (11.0.16.1+1-LTS-1, mixed mode, sharing, tiered, compressed oops, g1 gc, windows-amd64)
# No core dump will be written. Minidumps are not enabled by default on client versions of Windows
#

---------------  S U M M A R Y ------------

Command Line: -ea -Didea.test.cyclic.buffer.size=1048576 -javaagent:C:\Program Files\JetBrains\IntelliJ IDEA Community Edition 2022.2.1\lib\idea_rt.jar=62750:C:\Program Files\JetBrains\IntelliJ IDEA Community Edition 2022.2.1\bin -Dfile.encoding=UTF-8 com.intellij.rt.junit.JUnitStarter -ideVersion5 -junit4 org.launchcode.techjobs.oo.test.JobTest,testToStringContainsCorrectLabelsAndData

Host: Intel(R) Core(TM) i7-10750H CPU @ 2.60GHz, 12 cores, 15G,  Windows 11 , 64 bit Build 22621 (10.0.22621.608)
Time: Sun Oct 16 13:43:27 2022 Central Daylight Time elapsed time: 0.010684 seconds (0d 0h 0m 0s)

---------------  T H R E A D  ---------------

Current thread (0x000001bbf5b9b800):  JavaThread "Unknown thread" [_thread_in_vm, id=20188, stack(0x000000b010b00000,0x000000b010c00000)]

Stack: [0x000000b010b00000,0x000000b010c00000]
Native frames: (J=compiled Java code, j=interpreted, Vv=VM code, C=native code)
V  [jvm.dll+0x62a3da]
V  [jvm.dll+0x76407f]
V  [jvm.dll+0x765729]
V  [jvm.dll+0x765db3]
V  [jvm.dll+0x23dc18]
V  [jvm.dll+0x6276fa]
V  [jvm.dll+0x61c465]
V  [jvm.dll+0x2f2c2c]
V  [jvm.dll+0x2f2ab2]
V  [jvm.dll+0x2f77d6]
V  [jvm.dll+0x33a1df]
V  [jvm.dll+0x339c10]
V  [jvm.dll+0x2d0248]
V  [jvm.dll+0x2d13b6]
V  [jvm.dll+0x73e647]
V  [jvm.dll+0x73fedf]
V  [jvm.dll+0x346f09]
V  [jvm.dll+0x723f50]
V  [jvm.dll+0x3b5aef]
V  [jvm.dll+0x3b7c01]
C  [jli.dll+0x5207]
C  [ucrtbase.dll+0x29363]
C  [KERNEL32.DLL+0x1244d]
C  [ntdll.dll+0x5df78]


---------------  P R O C E S S  ---------------

Threads class SMR info:
_java_thread_list=0x000001bbf3927cb0, length=0, elements={
}

Java Threads: ( => current thread )

Other Threads:
  0x000001bbf5baf800 GCTaskThread "GC Thread#0" [stack: 0x000000b010c00000,0x000000b010d00000] [id=23668]
  0x000001bbf5c09000 ConcurrentGCThread "G1 Main Marker" [stack: 0x000000b010d00000,0x000000b010e00000] [id=11936]
  0x000001bbf5c0b800 ConcurrentGCThread "G1 Conc#0" [stack: 0x000000b010e00000,0x000000b010f00000] [id=18096]

[error occurred during error reporting (printing all threads), id 0xc0000005, EXCEPTION_ACCESS_VIOLATION (0xc0000005) at pc=0x00007ffb3a2af4d7]

VM state:not at safepoint (not fully initialized)

VM Mutex/Monitor currently owned by a thread:  ([mutex/lock_event])
[0x000001bbf5b98860] Heap_lock - owner thread: 0x000001bbf5b9b800

Heap address: 0x0000000702c00000, size: 4052 MB, Compressed Oops mode: Non-zero based: 0x0000000702c00000
Narrow klass base: 0x0000000000000000, Narrow klass shift: 0

GC Heap History (0 events):
No events

Deoptimization events (0 events):
No events

Classes redefined (0 events):
No events

Internal exceptions (0 events):
No events

Events (0 events):
No events


Dynamic libraries:
0x00007ff65df90000 - 0x00007ff65df9f000 	C:\Program Files\Java\jdk-11.0.16.1\bin\java.exe
0x00007ffbe6bb0000 - 0x00007ffbe6dc4000 	C:\WINDOWS\SYSTEM32\ntdll.dll
0x00007ffbe55c0000 - 0x00007ffbe5682000 	C:\WINDOWS\System32\KERNEL32.DLL
0x00007ffbe4270000 - 0x00007ffbe460c000 	C:\WINDOWS\System32\KERNELBASE.dll
0x00007ffbe3fe0000 - 0x00007ffbe40f1000 	C:\WINDOWS\System32\ucrtbase.dll
0x00007ffbc3cf0000 - 0x00007ffbc3d08000 	C:\Program Files\Java\jdk-11.0.16.1\bin\jli.dll
0x00007ffbc4890000 - 0x00007ffbc48a5000 	C:\Program Files\Java\jdk-11.0.16.1\bin\VCRUNTIME140.dll
0x00007ffbe5a90000 - 0x00007ffbe5b3e000 	C:\WINDOWS\System32\ADVAPI32.dll
0x00007ffbe6580000 - 0x00007ffbe6627000 	C:\WINDOWS\System32\msvcrt.dll
0x00007ffbe54c0000 - 0x00007ffbe5564000 	C:\WINDOWS\System32\sechost.dll
0x00007ffbe6460000 - 0x00007ffbe6575000 	C:\WINDOWS\System32\RPCRT4.dll
0x00007ffbe4a20000 - 0x00007ffbe4bca000 	C:\WINDOWS\System32\USER32.dll
0x00007ffbccae0000 - 0x00007ffbccd6e000 	C:\WINDOWS\WinSxS\amd64_microsoft.windows.common-controls_6595b64144ccf1df_6.0.22621.608_none_a9444ca7c10bb01d\COMCTL32.dll
0x00007ffbe4240000 - 0x00007ffbe4266000 	C:\WINDOWS\System32\win32u.dll
0x00007ffbe63b0000 - 0x00007ffbe63d9000 	C:\WINDOWS\System32\GDI32.dll
0x00007ffbe4720000 - 0x00007ffbe4832000 	C:\WINDOWS\System32\gdi32full.dll
0x00007ffbe4610000 - 0x00007ffbe46aa000 	C:\WINDOWS\System32\msvcp_win.dll
0x00007ffbd8db0000 - 0x00007ffbd8dba000 	C:\WINDOWS\SYSTEM32\VERSION.dll
0x00007ffbe57f0000 - 0x00007ffbe5821000 	C:\WINDOWS\System32\IMM32.DLL
0x00007ffbacaf0000 - 0x00007ffbacb8b000 	C:\Program Files\Java\jdk-11.0.16.1\bin\msvcp140.dll
0x00007ffb39fd0000 - 0x00007ffb3aae8000 	C:\Program Files\Java\jdk-11.0.16.1\bin\server\jvm.dll
0x00007ffbe5830000 - 0x00007ffbe5838000 	C:\WINDOWS\System32\PSAPI.DLL
0x00007ffbe1820000 - 0x00007ffbe1829000 	C:\WINDOWS\SYSTEM32\WSOCK32.dll
0x00007ffbd6e60000 - 0x00007ffbd6e94000 	C:\WINDOWS\SYSTEM32\WINMM.dll
0x00007ffbe63e0000 - 0x00007ffbe6451000 	C:\WINDOWS\System32\WS2_32.dll
0x00007ffbe3150000 - 0x00007ffbe3168000 	C:\WINDOWS\SYSTEM32\kernel.appcore.dll
0x00007ffbd2b90000 - 0x00007ffbd2ba0000 	C:\Program Files\Java\jdk-11.0.16.1\bin\verify.dll
0x00007ffbd9a30000 - 0x00007ffbd9c5e000 	C:\WINDOWS\SYSTEM32\DBGHELP.DLL
0x00007ffbe4bd0000 - 0x00007ffbe4f59000 	C:\WINDOWS\System32\combase.dll
0x00007ffbe5840000 - 0x00007ffbe5917000 	C:\WINDOWS\System32\OLEAUT32.dll
0x00007ffbd99f0000 - 0x00007ffbd9a22000 	C:\WINDOWS\SYSTEM32\dbgcore.DLL
0x00007ffbe4100000 - 0x00007ffbe417b000 	C:\WINDOWS\System32\bcryptPrimitives.dll
0x00007ffbc3a20000 - 0x00007ffbc3a48000 	C:\Program Files\Java\jdk-11.0.16.1\bin\java.dll
0x00007ffbd0890000 - 0x00007ffbd089a000 	C:\Program Files\Java\jdk-11.0.16.1\bin\jimage.dll
0x00007ffbd7a40000 - 0x00007ffbd7a4e000 	C:\Program Files\Java\jdk-11.0.16.1\bin\instrument.dll
0x00007ffbc2060000 - 0x00007ffbc2076000 	C:\Program Files\Java\jdk-11.0.16.1\bin\zip.dll

dbghelp: loaded successfully - version: 4.0.5 - missing functions: none
symbol engine: initialized successfully - sym options: 0x614 - pdb path: .;C:\Program Files\Java\jdk-11.0.16.1\bin;C:\WINDOWS\SYSTEM32;C:\WINDOWS\WinSxS\amd64_microsoft.windows.common-controls_6595b64144ccf1df_6.0.22621.608_none_a9444ca7c10bb01d;C:\Program Files\Java\jdk-11.0.16.1\bin\server

VM Arguments:
jvm_args: -ea -Didea.test.cyclic.buffer.size=1048576 -javaagent:C:\Program Files\JetBrains\IntelliJ IDEA Community Edition 2022.2.1\lib\idea_rt.jar=62750:C:\Program Files\JetBrains\IntelliJ IDEA Community Edition 2022.2.1\bin -Dfile.encoding=UTF-8 
java_command: com.intellij.rt.junit.JUnitStarter -ideVersion5 -junit4 org.launchcode.techjobs.oo.test.JobTest,testToStringContainsCorrectLabelsAndData
java_class_path (initial): C:\Program Files\JetBrains\IntelliJ IDEA Community Edition 2022.2.1\lib\idea_rt.jar;C:\Program Files\JetBrains\IntelliJ IDEA Community Edition 2022.2.1\plugins\junit\lib\junit5-rt.jar;C:\Program Files\JetBrains\IntelliJ IDEA Community Edition 2022.2.1\plugins\junit\lib\junit-rt.jar;C:\Users\megan\Desktop\dev\Java\java-assignment-2-techjobs-object-oriented-edition-meghynek\build\classes\java\main;C:\Users\megan\.gradle\caches\modules-2\files-2.1\junit\junit\4.12\2973d150c0dc1fefe998f834810d68f278ea58ec\junit-4.12.jar;C:\Users\megan\.gradle\caches\modules-2\files-2.1\org.hamcrest\hamcrest-core\1.3\42a25dc3219429f0e5d060061f71acb49bf010a0\hamcrest-core-1.3.jar
Launcher Type: SUN_STANDARD

[Global flags]
     intx CICompilerCount                          = 4                                         {product} {ergonomic}
     uint ConcGCThreads                            = 3                                         {product} {ergonomic}
     uint G1ConcRefinementThreads                  = 10                                        {product} {ergonomic}
   size_t G1HeapRegionSize                         = 1048576                                   {product} {ergonomic}
    uintx GCDrainStackTargetSize                   = 64                                        {product} {ergonomic}
   size_t InitialHeapSize                          = 266338304                                 {product} {ergonomic}
   size_t MarkStackSize                            = 4194304                                   {product} {ergonomic}
   size_t MaxHeapSize                              = 4248829952                                {product} {ergonomic}
   size_t MinHeapDeltaBytes                        = 1048576                                   {product} {ergonomic}
    uintx NonNMethodCodeHeapSize                   = 5836300                                {pd product} {ergonomic}
    uintx NonProfiledCodeHeapSize                  = 122910970                              {pd product} {ergonomic}
    uintx ProfiledCodeHeapSize                     = 122910970                              {pd product} {ergonomic}
    uintx ReservedCodeCacheSize                    = 251658240                              {pd product} {ergonomic}
     bool SegmentedCodeCache                       = true                                      {product} {ergonomic}
     bool UseCompressedClassPointers               = true                                 {lp64_product} {ergonomic}
     bool UseCompressedOops                        = true                                 {lp64_product} {ergonomic}
     bool UseG1GC                                  = true                                      {product} {ergonomic}
     bool UseLargePagesIndividualAllocation        = false                                  {pd product} {ergonomic}

Logging:
Log output configuration:
 #0: stdout all=warning uptime,level,tags
 #1: stderr all=off uptime,level,tags

Environment Variables:
PATH=C:\Python310\Scripts\;C:\Python310\;C:\Program Files (x86)\Razer Chroma SDK\bin;C:\Program Files\Razer Chroma SDK\bin;C:\Program Files (x86)\Razer\ChromaBroadcast\bin;C:\Program Files\Razer\ChromaBroadcast\bin;C:\Program Files\Common Files\Oracle\Java\javapath;C:\Program Files (x86)\Common Files\Oracle\Java\javapath;C:\Windows\system32;C:\Windows;C:\Windows\System32\Wbem;C:\Windows\System32\WindowsPowerShell\v1.0\;C:\Windows\System32\OpenSSH\;C:\Program Files (x86)\NVIDIA Corporation\PhysX\Common;C:\Program Files\NVIDIA Corporation\NVIDIA NvDLISR;C:\WINDOWS\system32;C:\WINDOWS;C:\WINDOWS\System32\Wbem;C:\WINDOWS\System32\WindowsPowerShell\v1.0\;C:\WINDOWS\System32\OpenSSH\;C:\WINDOWS\system32\config\systemprofile\AppData\Local\Microsoft\WindowsApps;C:\Program Files\Git\cmd;C:\ProgramData\chocolatey\bin;C:\Program Files\nodejs\;%SystemRoot%\system32;%SystemRoot%;%SystemRoot%\System32\Wbem;%SYSTEMROOT%\System32\WindowsPowerShell\v1.0\;%SYSTEMROOT%\System32\OpenSSH\;C:\Users\megan\AppData\Local\Microsoft\WindowsApps;;C:\Users\megan\AppData\Local\Programs\Microsoft VS Code\bin;C:\Users\megan\AppData\Roaming\npm;C:\Program Files\JetBrains\IntelliJ IDEA Community Edition 2022.2.1\bin;
USERNAME=megan
OS=Windows_NT
PROCESSOR_IDENTIFIER=Intel64 Family 6 Model 165 Stepping 2, GenuineIntel



---------------  S Y S T E M  ---------------

OS: Windows 11 , 64 bit Build 22621 (10.0.22621.608)

CPU:total 12 (initial active 12) (6 cores per cpu, 2 threads per core) family 6 model 165 stepping 2 microcode 0xe0, cmov, cx8, fxsr, mmx, sse, sse2, sse3, ssse3, sse4.1, sse4.2, popcnt, avx, avx2, aes, clmul, erms, 3dnowpref, lzcnt, ht, tsc, tscinvbit, bmi1, bmi2, adx, fma

Memory: 4k page, system-wide physical 16204M (2248M free)
TotalPageFile size 20300M (AvailPageFile size 76M)
current process WorkingSet (physical memory assigned to process): 11M, peak: 11M
current process commit charge ("private bytes"): 65M, peak: 318M

vm_info: Java HotSpot(TM) 64-Bit Server VM (11.0.16.1+1-LTS-1) for windows-amd64 JRE (11.0.16.1+1-LTS-1), built on Aug 16 2022 01:46:01 by "mach5one" with MS VC++ 15.9 (VS2017)

END.
